<?xml version="1.0" encoding="UTF-8"?>
<testsuite name="Test.ScheduleTest" tests="9" skipped="0" failures="0" errors="0" timestamp="2017-12-14T11:25:36" hostname="MacBook-Pro-de-Adriel-2.local" time="1.064">
  <properties/>
  <testcase name="testFiveSimultaneous" classname="Test.ScheduleTest" time="0.017"/>
  <testcase name="testFivePreviousTasksConstraint" classname="Test.ScheduleTest" time="0.001"/>
  <testcase name="testPeopleConstraint" classname="Test.ScheduleTest" time="0.001"/>
  <testcase name="testPreviousTasksConstraint" classname="Test.ScheduleTest" time="0.0"/>
  <testcase name="test20Tasks6People" classname="Test.ScheduleTest" time="0.004"/>
  <testcase name="test10Tasks10People" classname="Test.ScheduleTest" time="1.031"/>
  <testcase name="testFiveSuccesiveTasks" classname="Test.ScheduleTest" time="0.0"/>
  <testcase name="test20Tasks10People" classname="Test.ScheduleTest" time="0.007"/>
  <testcase name="testSkillsConstraint" classname="Test.ScheduleTest" time="0.001"/>
  <system-out><![CDATA[]]></system-out>
  <system-err><![CDATA[]]></system-err>
</testsuite>
