<?xml version="1.0" encoding="UTF-8"?>
<testsuite name="Test.ScheduleTest" tests="10" skipped="0" failures="2" errors="0" timestamp="2017-12-09T09:17:52" hostname="MBP-de-Adriel-2" time="32.956">
  <properties/>
  <testcase name="testFiveSimultaneous" classname="Test.ScheduleTest" time="0.021"/>
  <testcase name="testFivePreviousTasksConstraint" classname="Test.ScheduleTest" time="0.001"/>
  <testcase name="testPeopleConstraint" classname="Test.ScheduleTest" time="0.001"/>
  <testcase name="testPreviousTasksConstraint" classname="Test.ScheduleTest" time="0.001"/>
  <testcase name="test20Tasks6People" classname="Test.ScheduleTest" time="0.066"/>
  <testcase name="test10Tasks10People" classname="Test.ScheduleTest" time="1.874"/>
  <testcase name="testFiveSuccesiveTasks" classname="Test.ScheduleTest" time="0.0"/>
  <testcase name="test20Tasks10People" classname="Test.ScheduleTest" time="14.407">
    <failure message="org.junit.runners.model.TestTimedOutException: test timed out after 10000 milliseconds" type="org.junit.runners.model.TestTimedOutException">org.junit.runners.model.TestTimedOutException: test timed out after 10000 milliseconds
	at model.Schedule.getTeamCombinations(Schedule.java:131)
	at model.Schedule.getTeams(Schedule.java:147)
	at model.Schedule.getSchedule(Schedule.java:291)
	at model.Schedule.&lt;init&gt;(Schedule.java:23)
	at Test.ScheduleTest.test20Tasks10People(ScheduleTest.java:179)
	at sun.reflect.NativeMethodAccessorImpl.invoke0(Native Method)
	at sun.reflect.NativeMethodAccessorImpl.invoke(NativeMethodAccessorImpl.java:62)
	at sun.reflect.DelegatingMethodAccessorImpl.invoke(DelegatingMethodAccessorImpl.java:43)
	at java.lang.reflect.Method.invoke(Method.java:497)
	at org.junit.runners.model.FrameworkMethod$1.runReflectiveCall(FrameworkMethod.java:50)
	at org.junit.internal.runners.model.ReflectiveCallable.run(ReflectiveCallable.java:12)
	at org.junit.runners.model.FrameworkMethod.invokeExplosively(FrameworkMethod.java:47)
	at org.junit.internal.runners.statements.InvokeMethod.evaluate(InvokeMethod.java:17)
	at org.junit.internal.runners.statements.FailOnTimeout$CallableStatement.call(FailOnTimeout.java:298)
	at org.junit.internal.runners.statements.FailOnTimeout$CallableStatement.call(FailOnTimeout.java:292)
	at java.util.concurrent.FutureTask.run(FutureTask.java:266)
	at java.lang.Thread.run(Thread.java:745)
</failure>
  </testcase>
  <testcase name="test10Tasks20People" classname="Test.ScheduleTest" time="16.584">
    <failure message="org.junit.runners.model.TestTimedOutException: test timed out after 10000 milliseconds" type="org.junit.runners.model.TestTimedOutException">org.junit.runners.model.TestTimedOutException: test timed out after 10000 milliseconds
	at model.Schedule.combination(Schedule.java:102)
	at model.Schedule.combination(Schedule.java:102)
	at model.Schedule.combination(Schedule.java:102)
	at model.Schedule.combination(Schedule.java:102)
	at model.Schedule.combination(Schedule.java:102)
	at model.Schedule.combination(Schedule.java:102)
	at model.Schedule.combination(Schedule.java:102)
	at model.Schedule.combination(Schedule.java:102)
	at model.Schedule.combination(Schedule.java:102)
	at model.Schedule.combination(Schedule.java:102)
	at model.Schedule.combination(Schedule.java:102)
	at model.Schedule.combination(Schedule.java:102)
	at model.Schedule.getPossibleTeams(Schedule.java:64)
	at model.Schedule.getSchedule(Schedule.java:258)
	at model.Schedule.&lt;init&gt;(Schedule.java:23)
	at Test.ScheduleTest.test10Tasks20People(ScheduleTest.java:266)
	at sun.reflect.NativeMethodAccessorImpl.invoke0(Native Method)
	at sun.reflect.NativeMethodAccessorImpl.invoke(NativeMethodAccessorImpl.java:62)
	at sun.reflect.DelegatingMethodAccessorImpl.invoke(DelegatingMethodAccessorImpl.java:43)
	at java.lang.reflect.Method.invoke(Method.java:497)
	at org.junit.runners.model.FrameworkMethod$1.runReflectiveCall(FrameworkMethod.java:50)
	at org.junit.internal.runners.model.ReflectiveCallable.run(ReflectiveCallable.java:12)
	at org.junit.runners.model.FrameworkMethod.invokeExplosively(FrameworkMethod.java:47)
	at org.junit.internal.runners.statements.InvokeMethod.evaluate(InvokeMethod.java:17)
	at org.junit.internal.runners.statements.FailOnTimeout$CallableStatement.call(FailOnTimeout.java:298)
	at org.junit.internal.runners.statements.FailOnTimeout$CallableStatement.call(FailOnTimeout.java:292)
	at java.util.concurrent.FutureTask.run(FutureTask.java:266)
	at java.lang.Thread.run(Thread.java:745)
</failure>
  </testcase>
  <testcase name="testSkillsConstraint" classname="Test.ScheduleTest" time="0.0"/>
  <system-out><![CDATA[Task name : 2, Start Time : 0, End Time : 1, People : [1]
Task name : 1, Start Time : 1, End Time : 2, People : [1]
Task name : 4, Start Time : 2, End Time : 3, People : [1]
Task name : 3, Start Time : 3, End Time : 4, People : [1]
]]></system-out>
  <system-err><![CDATA[]]></system-err>
</testsuite>
