<?xml version="1.0" encoding="UTF-8"?>
<testsuite name="GUITest" tests="1" skipped="0" failures="0" errors="0" timestamp="2017-12-14T11:25:05" hostname="MacBook-Pro-de-Adriel-2.local" time="31.464">
  <properties/>
  <testcase name="testSchedule" classname="GUITest" time="31.464"/>
  <system-out><![CDATA[]]></system-out>
  <system-err><![CDATA[SLF4J: Failed to load class "org.slf4j.impl.StaticLoggerBinder".
SLF4J: Defaulting to no-operation (NOP) logger implementation
SLF4J: See http://www.slf4j.org/codes.html#StaticLoggerBinder for further details.
]]></system-err>
</testsuite>
